22:53:02 **** Incremental Build of configuration Debug for project CPP_EnumState ****
make -j8 all 
arm-none-eabi-g++ "../Core/Src/cpp_main.cpp" -mcpu=cortex-m7 -std=gnu++14 -g3 -DDEBUG -DUSE_HAL_DRIVER -DSTM32F746xx -c -I../Core/Inc -I../Drivers/STM32F7xx_HAL_Driver/Inc -I../Drivers/STM32F7xx_HAL_Driver/Inc/Legacy -I../Drivers/CMSIS/Device/ST/STM32F7xx/Include -I../Drivers/CMSIS/Include -O0 -ffunction-sections -fdata-sections -fno-exceptions -fno-rtti -fno-use-cxa-atexit -Wall -fstack-usage -MMD -MP -MF"Core/Src/cpp_main.d" -MT"Core/Src/cpp_main.o" --specs=nano.specs -mfpu=fpv5-sp-d16 -mfloat-abi=hard -mthumb -o "Core/Src/cpp_main.o"
arm-none-eabi-g++ -o "CPP_EnumState.elf" @"objects.list"   -mcpu=cortex-m7 -T"C:\Users\raphael.baumeler\STM32CubeIDE\workspace_1.10.1\CPP_EnumState\STM32F746ZGTX_FLASH.ld" --specs=nosys.specs -Wl,-Map="CPP_EnumState.map" -Wl,--gc-sections -static --specs=nano.specs -mfpu=fpv5-sp-d16 -mfloat-abi=hard -mthumb -Wl,--start-group -lc -lm -lstdc++ -lsupc++ -Wl,--end-group
Finished building target: CPP_EnumState.elf
 
arm-none-eabi-size   CPP_EnumState.elf 
arm-none-eabi-objdump -h -S  CPP_EnumState.elf  > "CPP_EnumState.list"
   text	   data	    bss	    dec	    hex	filename
 177488	   1096	   9076	 187660	  2dd0c	CPP_EnumState.elf
Finished building: default.size.stdout
 
Finished building: CPP_EnumState.list
 
22:53:16 **** Incremental Build of configuration Debug for project CPP_EnumState ****
make -j8 all 
arm-none-eabi-size   CPP_EnumState.elf 
   text	   data	    bss	    dec	    hex	filename
 177488	   1096	   9076	 187660	  2dd0c	CPP_EnumState.elf
Finished building: default.size.stdout
 
22:54:18 **** Incremental Build of configuration Debug for project CPP_EnumState ****
make -j8 all 
arm-none-eabi-size   CPP_EnumState.elf 
   text	   data	    bss	    dec	    hex	filename
 177488	   1096	   9076	 187660	  2dd0c	CPP_EnumState.elf
Finished building: default.size.stdout
 
